# JRE version: OpenJDK Runtime Environment Microsoft-8297089 (17.0.8.1+1) (build 17.0.8.1+1-LTS)
# Java VM: OpenJDK 64-Bit Server VM Microsoft-8297089 (17.0.8.1+1-LTS, mixed mode, sharing, tiered, compressed oops, compressed class ptrs, g1 gc, windows-amd64)
GC Precious Log:
 CPUs: 8 total, 8 available
 Memory: 15970M
 Large Page Support: Disabled
 NUMA Support: Disabled
 Compressed Oops: Enabled (32-bit)
 Heap Region Size: 1M
 Heap Min Capacity: 8M
 Heap Initial Capacity: 250M
 Heap Max Capacity: 2G
 Pre-touch: Disabled
 Parallel Workers: 8
 Concurrent Workers: 2
 Concurrent Refinement Workers: 8
 Periodic GC: Disabled
Heap:
 garbage-first heap   total 335872K, used 226517K [0x0000000080000000, 0x0000000100000000)
  region size 1024K, 53 young (54272K), 9 survivors (9216K)
 Metaspace       used 105959K, committed 107072K, reserved 557056K
  class space    used 14821K, committed 15360K, reserved 425984K
GC Heap History (20 events):
Event: 19.748 GC heap before
{Heap before GC invocations=39 (full 0):
 garbage-first heap   total 153600K, used 124207K [0x0000000080000000, 0x0000000100000000)
  region size 1024K, 28 young (28672K), 1 survivors (1024K)
 Metaspace       used 77501K, committed 78208K, reserved 557056K
  class space    used 10766K, committed 11072K, reserved 425984K
}
Event: 19.751 GC heap after
{Heap after GC invocations=40 (full 0):
 garbage-first heap   total 153600K, used 99228K [0x0000000080000000, 0x0000000100000000)
  region size 1024K, 4 young (4096K), 4 survivors (4096K)
 Metaspace       used 77501K, committed 78208K, reserved 557056K
  class space    used 10766K, committed 11072K, reserved 425984K
}
Event: 20.035 GC heap before
{Heap before GC invocations=41 (full 0):
 garbage-first heap   total 167936K, used 121756K [0x0000000080000000, 0x0000000100000000)
  region size 1024K, 30 young (30720K), 4 survivors (4096K)
 Metaspace       used 79364K, committed 80064K, reserved 557056K
  class space    used 10998K, committed 11328K, reserved 425984K
}
Event: 20.038 GC heap after
{Heap after GC invocations=42 (full 0):
 garbage-first heap   total 167936K, used 95829K [0x0000000080000000, 0x0000000100000000)
  region size 1024K, 4 young (4096K), 4 survivors (4096K)
 Metaspace       used 79364K, committed 80064K, reserved 557056K
  class space    used 10998K, committed 11328K, reserved 425984K
}
Event: 20.071 GC heap before
{Heap before GC invocations=42 (full 0):
 garbage-first heap   total 167936K, used 98901K [0x0000000080000000, 0x0000000100000000)
  region size 1024K, 8 young (8192K), 4 survivors (4096K)
 Metaspace       used 79696K, committed 80384K, reserved 557056K
  class space    used 11062K, committed 11392K, reserved 425984K
}
Event: 20.073 GC heap after
{Heap after GC invocations=43 (full 0):
 garbage-first heap   total 167936K, used 95433K [0x0000000080000000, 0x0000000100000000)
  region size 1024K, 1 young (1024K), 1 survivors (1024K)
 Metaspace       used 79696K, committed 80384K, reserved 557056K
  class space    used 11062K, committed 11392K, reserved 425984K
}
Event: 20.432 GC heap before
{Heap before GC invocations=43 (full 0):
 garbage-first heap   total 167936K, used 132297K [0x0000000080000000, 0x0000000100000000)
  region size 1024K, 37 young (37888K), 1 survivors (1024K)
 Metaspace       used 81855K, committed 82560K, reserved 557056K
  class space    used 11350K, committed 11648K, reserved 425984K
}
Event: 20.437 GC heap after
{Heap after GC invocations=44 (full 0):
 garbage-first heap   total 335872K, used 97433K [0x0000000080000000, 0x0000000100000000)
  region size 1024K, 3 young (3072K), 3 survivors (3072K)
 Metaspace       used 81855K, committed 82560K, reserved 557056K
  class space    used 11350K, committed 11648K, reserved 425984K
}
Event: 29.563 GC heap before
{Heap before GC invocations=44 (full 0):
 garbage-first heap   total 335872K, used 229529K [0x0000000080000000, 0x0000000100000000)
  region size 1024K, 131 young (134144K), 3 survivors (3072K)
 Metaspace       used 88187K, committed 88960K, reserved 557056K
  class space    used 12393K, committed 12736K, reserved 425984K
}
Event: 29.568 GC heap after
{Heap after GC invocations=45 (full 0):
 garbage-first heap   total 335872K, used 103171K [0x0000000080000000, 0x0000000100000000)
  region size 1024K, 8 young (8192K), 8 survivors (8192K)
 Metaspace       used 88187K, committed 88960K, reserved 557056K
  class space    used 12393K, committed 12736K, reserved 425984K
}
Event: 31.307 GC heap before
{Heap before GC invocations=45 (full 0):
 garbage-first heap   total 335872K, used 246531K [0x0000000080000000, 0x0000000100000000)
  region size 1024K, 148 young (151552K), 8 survivors (8192K)
 Metaspace       used 94689K, committed 95680K, reserved 557056K
  class space    used 13356K, committed 13824K, reserved 425984K
}
Event: 31.321 GC heap after
{Heap after GC invocations=46 (full 0):
 garbage-first heap   total 335872K, used 118989K [0x0000000080000000, 0x0000000100000000)
  region size 1024K, 19 young (19456K), 19 survivors (19456K)
 Metaspace       used 94689K, committed 95680K, reserved 557056K
  class space    used 13356K, committed 13824K, reserved 425984K
}
Event: 33.152 GC heap before
{Heap before GC invocations=46 (full 0):
 garbage-first heap   total 335872K, used 254157K [0x0000000080000000, 0x0000000100000000)
  region size 1024K, 144 young (147456K), 19 survivors (19456K)
 Metaspace       used 97299K, committed 98304K, reserved 557056K
  class space    used 13653K, committed 14144K, reserved 425984K
}
Event: 33.169 GC heap after
{Heap after GC invocations=47 (full 0):
 garbage-first heap   total 335872K, used 152481K [0x0000000080000000, 0x0000000100000000)
  region size 1024K, 18 young (18432K), 18 survivors (18432K)
 Metaspace       used 97299K, committed 98304K, reserved 557056K
  class space    used 13653K, committed 14144K, reserved 425984K
}
Event: 34.475 GC heap before
{Heap before GC invocations=47 (full 0):
 garbage-first heap   total 335872K, used 252833K [0x0000000080000000, 0x0000000100000000)
  region size 1024K, 116 young (118784K), 18 survivors (18432K)
 Metaspace       used 103717K, committed 104832K, reserved 557056K
  class space    used 14511K, committed 15040K, reserved 425984K
}
Event: 34.486 GC heap after
{Heap after GC invocations=48 (full 0):
 garbage-first heap   total 335872K, used 164691K [0x0000000080000000, 0x0000000100000000)
  region size 1024K, 10 young (10240K), 10 survivors (10240K)
 Metaspace       used 103717K, committed 104832K, reserved 557056K
  class space    used 14511K, committed 15040K, reserved 425984K
}
Event: 35.311 GC heap before
{Heap before GC invocations=48 (full 0):
 garbage-first heap   total 335872K, used 258899K [0x0000000080000000, 0x0000000100000000)
  region size 1024K, 103 young (105472K), 10 survivors (10240K)
 Metaspace       used 105320K, committed 106432K, reserved 557056K
  class space    used 14760K, committed 15296K, reserved 425984K
}
Event: 35.323 GC heap after
{Heap after GC invocations=49 (full 0):
 garbage-first heap   total 335872K, used 174704K [0x0000000080000000, 0x0000000100000000)
  region size 1024K, 11 young (11264K), 11 survivors (11264K)
 Metaspace       used 105320K, committed 106432K, reserved 557056K
  class space    used 14760K, committed 15296K, reserved 425984K
}
Event: 36.074 GC heap before
{Heap before GC invocations=49 (full 0):
 garbage-first heap   total 335872K, used 263792K [0x0000000080000000, 0x0000000100000000)
  region size 1024K, 99 young (101376K), 11 survivors (11264K)
 Metaspace       used 105947K, committed 107072K, reserved 557056K
  class space    used 14821K, committed 15360K, reserved 425984K
}
Event: 36.086 GC heap after
{Heap after GC invocations=50 (full 0):
 garbage-first heap   total 335872K, used 182485K [0x0000000080000000, 0x0000000100000000)
  region size 1024K, 9 young (9216K), 9 survivors (9216K)
 Metaspace       used 105947K, committed 107072K, reserved 557056K
  class space    used 14821K, committed 15360K, reserved 425984K
}

